Tue Sep 05 13:16:25 GST 2017 : access denied ("java.net.SocketPermission" "localhost:1527" "listen,resolve")
Tue Sep 05 13:16:25 GST 2017 : access denied ("java.net.SocketPermission" "localhost:1527" "listen,resolve")
java.security.AccessControlException: access denied ("java.net.SocketPermission" "localhost:1527" "listen,resolve")
	at java.security.AccessControlContext.checkPermission(AccessControlContext.java:372)
	at java.security.AccessController.checkPermission(AccessController.java:559)
	at java.lang.SecurityManager.checkPermission(SecurityManager.java:549)
	at java.lang.SecurityManager.checkListen(SecurityManager.java:1134)
	at java.net.ServerSocket.bind(ServerSocket.java:375)
	at java.net.ServerSocket.<init>(ServerSocket.java:237)
	at javax.net.DefaultServerSocketFactory.createServerSocket(ServerSocketFactory.java:231)
	at org.apache.derby.impl.drda.NetworkServerControlImpl.createServerSocket(Unknown Source)
	at org.apache.derby.impl.drda.NetworkServerControlImpl.access$000(Unknown Source)
	at org.apache.derby.impl.drda.NetworkServerControlImpl$1.run(Unknown Source)
	at java.security.AccessController.doPrivileged(Native Method)
	at org.apache.derby.impl.drda.NetworkServerControlImpl.blockingStart(Unknown Source)
	at sun.reflect.NativeMethodAccessorImpl.invoke0(Native Method)
	at sun.reflect.NativeMethodAccessorImpl.invoke(NativeMethodAccessorImpl.java:57)
	at sun.reflect.DelegatingMethodAccessorImpl.invoke(DelegatingMethodAccessorImpl.java:43)
	at java.lang.reflect.Method.invoke(Method.java:606)
	at org.apache.derby.iapi.jdbc.DRDAServerStarter.run(Unknown Source)
	at java.lang.Thread.run(Thread.java:744)
java.security.AccessControlException: access denied ("java.net.SocketPermission" "localhost:1527" "listen,resolve")
	at java.security.AccessControlContext.checkPermission(AccessControlContext.java:372)
	at java.security.AccessController.checkPermission(AccessController.java:559)
	at java.lang.SecurityManager.checkPermission(SecurityManager.java:549)
	at java.lang.SecurityManager.checkListen(SecurityManager.java:1134)
	at java.net.ServerSocket.bind(ServerSocket.java:375)
	at java.net.ServerSocket.<init>(ServerSocket.java:237)
	at javax.net.DefaultServerSocketFactory.createServerSocket(ServerSocketFactory.java:231)
	at org.apache.derby.impl.drda.NetworkServerControlImpl.createServerSocket(Unknown Source)
	at org.apache.derby.impl.drda.NetworkServerControlImpl.access$000(Unknown Source)
	at org.apache.derby.impl.drda.NetworkServerControlImpl$1.run(Unknown Source)
	at java.security.AccessController.doPrivileged(Native Method)
	at org.apache.derby.impl.drda.NetworkServerControlImpl.blockingStart(Unknown Source)
	at org.apache.derby.impl.drda.NetworkServerControlImpl.executeWork(Unknown Source)
	at org.apache.derby.drda.NetworkServerControl.main(Unknown Source)
An exception was thrown during network server startup. Unexpected exception
java.lang.reflect.InvocationTargetException
	at sun.reflect.NativeMethodAccessorImpl.invoke0(Native Method)
	at sun.reflect.NativeMethodAccessorImpl.invoke(NativeMethodAccessorImpl.java:57)
	at sun.reflect.DelegatingMethodAccessorImpl.invoke(DelegatingMethodAccessorImpl.java:43)
	at java.lang.reflect.Method.invoke(Method.java:606)
	at org.apache.derby.iapi.jdbc.DRDAServerStarter.run(Unknown Source)
	at java.lang.Thread.run(Thread.java:744)
Caused by: java.lang.Exception: Unexpected exception
	at org.apache.derby.impl.drda.NetworkServerControlImpl.throwUnexpectedException(Unknown Source)
	at org.apache.derby.impl.drda.NetworkServerControlImpl.blockingStart(Unknown Source)
	... 6 more
